<?xml version="1.0" encoding="UTF-8"?>
<!-- Generated by org.testng.reporters.JUnitXMLReporter -->
<testsuite hostname="NODE1129" ignored="0" name="Test" tests="3" failures="2" timestamp="10 Jul 2018 05:51:07 GMT" time="0.058" errors="0">
  <testcase name="verifyConditionOne" time="0.018" classname="Jen.JenkinsBuild.AppTest"/>
  <testcase name="verifyConditionTwo" time="0.002" classname="Jen.JenkinsBuild.AppTest">
    <failure type="java.lang.AssertionError" message="expected [false] but found [true]">
      <![CDATA[java.lang.AssertionError: expected [false] but found [true]
at Jen.JenkinsBuild.AppTest.verifyConditionTwo(AppTest.java:22)
... Removed 31 stack frames]]>
    </failure>
  </testcase> <!-- verifyConditionTwo -->
  <testcase name="verifyConditionThree" time="0.001" classname="Jen.JenkinsBuild.AppTest">
    <failure type="java.lang.AssertionError" message="expected [true] but found [false]">
      <![CDATA[java.lang.AssertionError: expected [true] but found [false]
at Jen.JenkinsBuild.AppTest.verifyConditionThree(AppTest.java:29)
... Removed 29 stack frames]]>
    </failure>
  </testcase> <!-- verifyConditionThree -->
</testsuite> <!-- Test -->
